The C compiler identification could not be found in "/home/alexandre/Documents/FEUP/2ano/AED/AED-Graphs/cmake-build-debug-coverage/CMakeFiles/3.21.1/CompilerIdC/a-CMakeCCompilerId.gcno"

The CXX compiler identification could not be found in "/home/alexandre/Documents/FEUP/2ano/AED/AED-Graphs/cmake-build-debug-coverage/CMakeFiles/3.21.1/CompilerIdCXX/a-CMakeCXXCompilerId.gcno"

Performing C SOURCE FILE Test CMAKE_HAVE_LIBC_PTHREAD failed with the following output:
Change Dir: /home/alexandre/Documents/FEUP/2ano/AED/AED-Graphs/cmake-build-debug-coverage/CMakeFiles/CMakeTmp

Run Build Command(s):/var/lib/snapd/snap/clion/178/bin/ninja/linux/ninja cmTC_2061f && [1/2] Building C object CMakeFiles/cmTC_2061f.dir/src.c.o
[2/2] Linking C executable cmTC_2061f
FAILED: cmTC_2061f 
: && /usr/bin/cc --coverage  CMakeFiles/cmTC_2061f.dir/src.c.o -o cmTC_2061f   && :
/usr/bin/ld: CMakeFiles/cmTC_2061f.dir/src.c.o: in function `main':
src.c:(.text+0x62): undefined reference to `pthread_create'
/usr/bin/ld: src.c:(.text+0x80): undefined reference to `pthread_detach'
/usr/bin/ld: src.c:(.text+0x9e): undefined reference to `pthread_cancel'
/usr/bin/ld: src.c:(.text+0xc1): undefined reference to `pthread_join'
collect2: error: ld returned 1 exit status
ninja: build stopped: subcommand failed.


Source file was:
#include <pthread.h>

static void* test_func(void* data)
{
  return data;
}

int main(void)
{
  pthread_t thread;
  pthread_create(&thread, NULL, test_func, NULL);
  pthread_detach(thread);
  pthread_cancel(thread);
  pthread_join(thread, NULL);
  pthread_atfork(NULL, NULL, NULL);
  pthread_exit(NULL);

  return 0;
}

Determining if the function pthread_create exists in the pthreads failed with the following output:
Change Dir: /home/alexandre/Documents/FEUP/2ano/AED/AED-Graphs/cmake-build-debug-coverage/CMakeFiles/CMakeTmp

Run Build Command(s):/var/lib/snapd/snap/clion/178/bin/ninja/linux/ninja cmTC_49c71 && [1/2] Building C object CMakeFiles/cmTC_49c71.dir/CheckFunctionExists.c.o
[2/2] Linking C executable cmTC_49c71
FAILED: cmTC_49c71 
: && /usr/bin/cc --coverage -DCHECK_FUNCTION_EXISTS=pthread_create  CMakeFiles/cmTC_49c71.dir/CheckFunctionExists.c.o -o cmTC_49c71  -lpthreads && :
/usr/bin/ld: cannot find -lpthreads
collect2: error: ld returned 1 exit status
ninja: build stopped: subcommand failed.



